<?xml version="1.0" encoding="UTF-8"?>
<testsuite name="org.apache.servicemix.examples.test.ActivitiTest" time="2.433" tests="1" errors="1" skipped="0" failures="0">
  <properties>
[...]
</properties>
  <testcase name="deploy" classname="org.apache.servicemix.examples.test.ActivitiTest" time="2.433">
    <error type="java.lang.NullPointerException:">java.lang.NullPointerException: null
	at org.apache.servicemix.examples.test.ActivitiTest.deploy(ActivitiTest.java:29)
</error>
    <system-out><![CDATA[0    [main] INFO  org.activiti.engine.ProcessEngines  - Initializing process engine using configuration 'file:/home/new482/Documents/workspace-sts-3.6.3.SR1/example-activiti/target/test-classes/activiti.cfg.xml'
1    [main] INFO  org.activiti.engine.ProcessEngines  - initializing process engine for resource file:/home/new482/Documents/workspace-sts-3.6.3.SR1/example-activiti/target/test-classes/activiti.cfg.xml
224  [main] DEBUG org.springframework.core.env.StandardEnvironment  - Adding [systemProperties] PropertySource with lowest search precedence
228  [main] DEBUG org.springframework.core.env.StandardEnvironment  - Adding [systemEnvironment] PropertySource with lowest search precedence
230  [main] DEBUG org.springframework.core.env.StandardEnvironment  - Initialized StandardEnvironment with PropertySources [systemProperties,systemEnvironment]
240  [main] INFO  org.springframework.beans.factory.xml.XmlBeanDefinitionReader  - Loading XML bean definitions from resource loaded through InputStream
269  [main] DEBUG org.springframework.beans.factory.xml.DefaultDocumentLoader  - Using JAXP provider [com.sun.org.apache.xerces.internal.jaxp.DocumentBuilderFactoryImpl]
310  [main] DEBUG org.springframework.beans.factory.xml.PluggableSchemaResolver  - Loading schema mappings from [META-INF/spring.schemas]
322  [main] DEBUG org.springframework.beans.factory.xml.PluggableSchemaResolver  - Loaded schema mappings: {http://camel.apache.org/schema/osgi/camel-osgi-2.13.0.xsd=camel-osgi.xsd, http://www.springframework.org/schema/task/spring-task-3.0.xsd=org/springframework/scheduling/config/spring-task-3.0.xsd, http://camel.apache.org/schema/spring/camel-spring-2.8.4.xsd=camel-spring.xsd, http://camel.apache.org/schema/osgi/camel-osgi-2.7.3.xsd=camel-osgi.xsd, http://camel.apache.org/schema/spring/camel-spring-2.9.4.xsd=camel-spring.xsd, http://www.springframework.org/schema/lang/spring-lang-2.0.xsd=org/springframework/scripting/config/spring-lang-2.0.xsd, http://camel.apache.org/schema/spring/camel-spring-2.10.1.xsd=camel-spring.xsd, http://www.springframework.org/schema/tx/spring-tx-3.0.xsd=org/springframework/transaction/config/spring-tx-3.0.xsd, http://www.springframework.org/schema/lang/spring-lang-3.0.xsd=org/springframework/scripting/config/spring-lang-3.0.xsd, http://camel.apache.org/schema/spring/camel-spring-2.11.1.xsd=camel-spring.xsd, http://www.springframework.org/schema/beans/spring-beans.xsd=org/springframework/beans/factory/xml/spring-beans-3.2.xsd, http://camel.apache.org/schema/osgi/camel-osgi-2.10.0.xsd=camel-osgi.xsd, http://www.springframework.org/schema/beans/spring-beans-3.0.xsd=org/springframework/beans/factory/xml/spring-beans-3.0.xsd, http://camel.apache.org/schema/osgi/camel-osgi-2.11.0.xsd=camel-osgi.xsd, http://camel.apache.org/schema/osgi/camel-osgi-2.10.7.xsd=camel-osgi.xsd, http://camel.apache.org/schema/spring/camel-spring-2.7.4.xsd=camel-spring.xsd, http://www.activiti.org/schema/spring/components/activiti.xsd=org/activiti/spring/components/config/xml/activiti-5.0.xsd, http://www.springframework.org/schema/context/spring-context-3.2.xsd=org/springframework/context/config/spring-context-3.2.xsd, http://camel.apache.org/schema/osgi/camel-osgi-2.8.6.xsd=camel-osgi.xsd, http://camel.apache.org/schema/osgi/camel-osgi-2.9.6.xsd=camel-osgi.xsd, http://www.springframework.org/schema/tx/spring-tx-2.0.xsd=org/springframework/transaction/config/spring-tx-2.0.xsd, http://www.springframework.org/schema/jee/spring-jee-2.5.xsd=org/springframework/ejb/config/spring-jee-2.5.xsd, http://www.springframework.org/schema/util/spring-util-3.1.xsd=org/springframework/beans/factory/xml/spring-util-3.1.xsd, http://www.springframework.org/schema/tool/spring-tool-3.1.xsd=org/springframework/beans/factory/xml/spring-tool-3.1.xsd, http://camel.apache.org/schema/spring/camel-spring-2.12.4.xsd=camel-spring.xsd, http://www.springframework.org/schema/beans/spring-beans-2.0.xsd=org/springframework/beans/factory/xml/spring-beans-2.0.xsd, http://camel.apache.org/schema/spring/camel-spring-2.8.0.xsd=camel-spring.xsd, http://camel.apache.org/schema/spring/camel-spring-2.13.4.xsd=camel-spring.xsd, http://www.springframework.org/schema/jdbc/spring-jdbc-3.1.xsd=org/springframework/jdbc/config/spring-jdbc-3.1.xsd, http://camel.apache.org/schema/osgi/camel-osgi-2.12.3.xsd=camel-osgi.xsd, http://camel.apache.org/schema/spring/camel-spring-2.9.0.xsd=camel-spring.xsd, http://camel.apache.org/schema/osgi/camel-osgi-2.13.3.xsd=camel-osgi.xsd, http://camel.apache.org/schema/osgi/camel-osgi.xsd=camel-osgi.xsd, http://www.springframework.org/schema/tool/spring-tool.xsd=org/springframework/beans/factory/xml/spring-tool-3.2.xsd, http://camel.apache.org/schema/spring/camel-spring-2.9.7.xsd=camel-spring.xsd, http://camel.apache.org/schema/spring/camel-spring-2.5.0.xsd=camel-spring.xsd, http://camel.apache.org/schema/spring/camel-spring-2.10.4.xsd=camel-spring.xsd, http://camel.apache.org/schema/spring/camel-spring-2.6.0.xsd=camel-spring.xsd, http://www.springframework.org/schema/jdbc/spring-jdbc.xsd=org/springframework/jdbc/config/spring-jdbc-3.2.xsd, http://camel.apache.org/schema/spring/camel-spring-2.11.4.xsd=camel-spring.xsd, http://camel.apache.org/schema/osgi/camel-osgi-2.10.3.xsd=camel-osgi.xsd, http://camel.apache.org/schema/spring/camel-spring-2.7.0.xsd=camel-spring.xsd, http://camel.apache.org/schema/osgi/camel-osgi-2.11.3.xsd=camel-osgi.xsd, http://camel.apache.org/schema/osgi/camel-osgi-2.8.2.xsd=camel-osgi.xsd, http://www.springframework.org/schema/context/spring-context.xsd=org/springframework/context/config/spring-context-3.2.xsd, http://camel.apache.org/schema/osgi/camel-osgi-2.9.2.xsd=camel-osgi.xsd, http://www.springframework.org/schema/lang/spring-lang.xsd=org/springframework/scripting/config/spring-lang-3.2.xsd, http://camel.apache.org/schema/spring/camel-spring-2.0-M3.xsd=camel-spring.xsd, http://camel.apache.org/schema/spring/camel-spring-2.3.0.xsd=camel-spring.xsd, http://www.springframework.org/schema/jee/spring-jee-3.1.xsd=org/springframework/ejb/config/spring-jee-3.1.xsd, http://camel.apache.org/schema/spring/camel-spring-2.12.0.xsd=camel-spring.xsd, http://camel.apache.org/schema/spring/camel-spring-2.4.0.xsd=camel-spring.xsd, http://camel.apache.org/schema/osgi/camel-osgi-2.0-M2.xsd=camel-osgi.xsd, http://camel.apache.org/schema/spring/camel-spring-2.13.0.xsd=camel-spring.xsd, http://camel.apache.org/schema/spring/camel-spring-2.8.3.xsd=camel-spring.xsd, http://camel.apache.org/schema/osgi/camel-osgi-2.7.2.xsd=camel-osgi.xsd, http://camel.apache.org/schema/spring/camel-spring-2.9.3.xsd=camel-spring.xsd, http://camel.apache.org/schema/spring/camel-spring-2.1.0.xsd=camel-spring.xsd, http://www.springframework.org/schema/context/spring-context-2.5.xsd=org/springframework/context/config/spring-context-2.5.xsd, http://camel.apache.org/schema/spring/camel-spring-2.10.0.xsd=camel-spring.xsd, http://camel.apache.org/schema/spring/camel-spring-2.2.0.xsd=camel-spring.xsd, http://camel.apache.org/schema/spring=camel-spring.xsd, http://camel.apache.org/schema/spring/camel-spring-2.11.0.xsd=camel-spring.xsd, http://camel.apache.org/schema/spring/v2.13=camel-spring-v2.13.xsd, http://camel.apache.org/schema/spring/camel-spring-2.10.7.xsd=camel-spring.xsd, http://camel.apache.org/schema/osgi/camel-osgi-2.10.6.xsd=camel-osgi.xsd, http://camel.apache.org/schema/spring/camel-spring-2.7.3.xsd=camel-spring.xsd, http://www.springframework.org/schema/aop/spring-aop-3.2.xsd=org/springframework/aop/config/spring-aop-3.2.xsd, http://www.springframework.org/schema/context/spring-context-3.1.xsd=org/springframework/context/config/spring-context-3.1.xsd, http://camel.apache.org/schema/osgi/camel-osgi-2.8.5.xsd=camel-osgi.xsd, http://camel.apache.org/schema/spring/camel-spring-2.0.0.xsd=camel-spring.xsd, http://camel.apache.org/schema/osgi/camel-osgi-2.9.5.xsd=camel-osgi.xsd, http://www.springframework.org/schema/util/spring-util-2.0.xsd=org/springframework/beans/factory/xml/spring-util-2.0.xsd, http://www.springframework.org/schema/tool/spring-tool-2.0.xsd=org/springframework/beans/factory/xml/spring-tool-2.0.xsd, http://www.springframework.org/schema/tx/spring-tx.xsd=org/springframework/transaction/config/spring-tx-3.2.xsd, http://www.springframework.org/schema/util/spring-util-3.0.xsd=org/springframework/beans/factory/xml/spring-util-3.0.xsd, http://www.springframework.org/schema/tool/spring-tool-3.0.xsd=org/springframework/beans/factory/xml/spring-tool-3.0.xsd, http://camel.apache.org/schema/spring/camel-spring-2.12.3.xsd=camel-spring.xsd, http://www.springframework.org/schema/util/spring-util.xsd=org/springframework/beans/factory/xml/spring-util-3.2.xsd, http://www.springframework.org/schema/jdbc/spring-jdbc-3.0.xsd=org/springframework/jdbc/config/spring-jdbc-3.0.xsd, http://camel.apache.org/schema/spring/camel-spring-2.13.3.xsd=camel-spring.xsd, http://camel.apache.org/schema/osgi/camel-osgi-2.12.2.xsd=camel-osgi.xsd, http://camel.apache.org/schema/osgi/camel-osgi-2.13.2.xsd=camel-osgi.xsd, http://www.springframework.org/schema/task/spring-task-3.2.xsd=org/springframework/scheduling/config/spring-task-3.2.xsd, http://camel.apache.org/schema/osgi/camel-osgi-2.7.5.xsd=camel-osgi.xsd, http://camel.apache.org/schema/spring/camel-spring-2.8.6.xsd=camel-spring.xsd, http://camel.apache.org/schema/spring/camel-spring-2.9.6.xsd=camel-spring.xsd, http://www.springframework.org/schema/cache/spring-cache-3.2.xsd=org/springframework/cache/config/spring-cache-3.2.xsd, http://www.activiti.org/schema/spring/components/activiti-5.0.xsd=org/activiti/spring/components/config/xml/activit-5.0.xsd, http://camel.apache.org/schema/spring/camel-spring-2.10.3.xsd=camel-spring.xsd, http://www.springframework.org/schema/tx/spring-tx-3.2.xsd=org/springframework/transaction/config/spring-tx-3.2.xsd, http://www.springframework.org/schema/lang/spring-lang-3.2.xsd=org/springframework/scripting/config/spring-lang-3.2.xsd, http://camel.apache.org/schema/spring/camel-spring-2.11.3.xsd=camel-spring.xsd, http://camel.apache.org/schema/osgi/camel-osgi-2.10.2.xsd=camel-osgi.xsd, http://www.springframework.org/schema/beans/spring-beans-3.2.xsd=org/springframework/beans/factory/xml/spring-beans-3.2.xsd, http://camel.apache.org/schema/osgi/camel-osgi-2.11.2.xsd=camel-osgi.xsd, http://camel.apache.org/schema/osgi/camel-osgi-2.8.1.xsd=camel-osgi.xsd, http://www.springframework.org/schema/aop/spring-aop-2.5.xsd=org/springframework/aop/config/spring-aop-2.5.xsd, http://camel.apache.org/schema/osgi/camel-osgi-2.9.1.xsd=camel-osgi.xsd, http://www.springframework.org/schema/jee/spring-jee-2.0.xsd=org/springframework/ejb/config/spring-jee-2.0.xsd, http://camel.apache.org/schema/spring/camel-spring-2.0-M2.xsd=camel-spring.xsd, http://www.springframework.org/schema/jee/spring-jee-3.0.xsd=org/springframework/ejb/config/spring-jee-3.0.xsd, http://camel.apache.org/schema/osgi/camel-osgi-2.9.8.xsd=camel-osgi.xsd, http://camel.apache.org/schema/osgi/camel-osgi-2.0-M1.xsd=camel-osgi.xsd, http://camel.apache.org/schema/spring/camel-spring-2.8.2.xsd=camel-spring.xsd, http://camel.apache.org/schema/osgi/camel-osgi-2.7.1.xsd=camel-osgi.xsd, http://camel.apache.org/schema/spring/camel-spring-2.9.2.xsd=camel-spring.xsd, http://www.springframework.org/schema/lang/spring-lang-2.5.xsd=org/springframework/scripting/config/spring-lang-2.5.xsd, http://camel.apache.org/schema/spring/camel-spring-2.10.6.xsd=camel-spring.xsd, http://camel.apache.org/schema/osgi/camel-osgi-2.10.5.xsd=camel-osgi.xsd, http://camel.apache.org/schema/spring/camel-spring-2.7.2.xsd=camel-spring.xsd, http://www.springframework.org/schema/aop/spring-aop-3.1.xsd=org/springframework/aop/config/spring-aop-3.1.xsd, http://www.springframework.org/schema/context/spring-context-3.0.xsd=org/springframework/context/config/spring-context-3.0.xsd, http://camel.apache.org/schema/osgi/camel-osgi-2.8.4.xsd=camel-osgi.xsd, http://camel.apache.org/schema/osgi/camel-osgi-2.9.4.xsd=camel-osgi.xsd, http://camel.apache.org/schema/spring/camel-spring-2.12.2.xsd=camel-spring.xsd, http://www.springframework.org/schema/tx/spring-tx-2.5.xsd=org/springframework/transaction/config/spring-tx-2.5.xsd, http://camel.apache.org/schema/spring/camel-spring-2.13.2.xsd=camel-spring.xsd, http://camel.apache.org/schema/osgi/camel-osgi-2.12.1.xsd=camel-osgi.xsd, http://www.springframework.org/schema/beans/spring-beans-2.5.xsd=org/springframework/beans/factory/xml/spring-beans-2.5.xsd, http://camel.apache.org/schema/osgi/camel-osgi-2.13.1.xsd=camel-osgi.xsd, http://www.springframework.org/schema/task/spring-task-3.1.xsd=org/springframework/scheduling/config/spring-task-3.1.xsd, http://camel.apache.org/schema/spring/camel-spring-2.8.5.xsd=camel-spring.xsd, http://camel.apache.org/schema/osgi/camel-osgi-2.7.4.xsd=camel-osgi.xsd, http://camel.apache.org/schema/spring/camel-spring-2.9.5.xsd=camel-spring.xsd, http://www.springframework.org/schema/cache/spring-cache-3.1.xsd=org/springframework/cache/config/spring-cache-3.1.xsd, http://camel.apache.org/schema/spring/camel-spring-2.10.2.xsd=camel-spring.xsd, http://www.springframework.org/schema/tx/spring-tx-3.1.xsd=org/springframework/transaction/config/spring-tx-3.1.xsd, http://www.springframework.org/schema/lang/spring-lang-3.1.xsd=org/springframework/scripting/config/spring-lang-3.1.xsd, http://camel.apache.org/schema/spring/camel-spring-2.11.2.xsd=camel-spring.xsd, http://camel.apache.org/schema/osgi/camel-osgi-2.10.1.xsd=camel-osgi.xsd, http://www.springframework.org/schema/beans/spring-beans-3.1.xsd=org/springframework/beans/factory/xml/spring-beans-3.1.xsd, http://camel.apache.org/schema/osgi/camel-osgi-2.11.1.xsd=camel-osgi.xsd, http://camel.apache.org/schema/osgi/camel-osgi-2.8.0.xsd=camel-osgi.xsd, http://camel.apache.org/schema/osgi/camel-osgi-2.9.0.xsd=camel-osgi.xsd, http://camel.apache.org/schema/spring/camel-spring-2.7.5.xsd=camel-spring.xsd, http://camel.apache.org/schema/spring/camel-spring.xsd=camel-spring.xsd, http://camel.apache.org/schema/spring/camel-spring-2.0-M1.xsd=camel-spring.xsd, http://camel.apache.org/schema/osgi/camel-osgi-2.9.7.xsd=camel-osgi.xsd, http://camel.apache.org/schema/osgi/camel-osgi-2.5.0.xsd=camel-osgi.xsd, http://www.springframework.org/schema/util/spring-util-3.2.xsd=org/springframework/beans/factory/xml/spring-util-3.2.xsd, http://www.springframework.org/schema/tool/spring-tool-3.2.xsd=org/springframework/beans/factory/xml/spring-tool-3.2.xsd, http://camel.apache.org/schema/osgi/camel-osgi-2.6.0.xsd=camel-osgi.xsd, http://camel.apache.org/schema/osgi/camel-osgi-2.7.0.xsd=camel-osgi.xsd, http://camel.apache.org/schema/spring/camel-spring-2.8.1.xsd=camel-spring.xsd, http://www.springframework.org/schema/jdbc/spring-jdbc-3.2.xsd=org/springframework/jdbc/config/spring-jdbc-3.2.xsd, http://camel.apache.org/schema/osgi/camel-osgi-2.12.4.xsd=camel-osgi.xsd, http://camel.apache.org/schema/spring/camel-spring-2.9.1.xsd=camel-spring.xsd, http://camel.apache.org/schema/osgi/camel-osgi-2.13.4.xsd=camel-osgi.xsd, http://camel.apache.org/schema/osgi/camel-osgi-2.3.0.xsd=camel-osgi.xsd, http://camel.apache.org/schema/spring/camel-spring-2.9.8.xsd=camel-spring.xsd, http://camel.apache.org/schema/osgi/camel-osgi-2.4.0.xsd=camel-osgi.xsd, http://camel.apache.org/schema/spring/camel-spring-2.10.5.xsd=camel-spring.xsd, http://www.springframework.org/schema/aop/spring-aop-2.0.xsd=org/springframework/aop/config/spring-aop-2.0.xsd, http://camel.apache.org/schema/osgi/camel-osgi-2.10.4.xsd=camel-osgi.xsd, http://camel.apache.org/schema/spring/camel-spring-2.7.1.xsd=camel-spring.xsd, http://www.springframework.org/schema/aop/spring-aop-3.0.xsd=org/springframework/aop/config/spring-aop-3.0.xsd, http://camel.apache.org/schema/osgi/camel-osgi-2.11.4.xsd=camel-osgi.xsd, http://camel.apache.org/schema/osgi/camel-osgi-2.8.3.xsd=camel-osgi.xsd, http://camel.apache.org/schema/osgi/camel-osgi-2.0.0.xsd=camel-osgi.xsd, http://www.springframework.org/schema/jee/spring-jee.xsd=org/springframework/ejb/config/spring-jee-3.2.xsd, http://www.springframework.org/schema/cache/spring-cache.xsd=org/springframework/cache/config/spring-cache-3.2.xsd, http://camel.apache.org/schema/osgi/camel-osgi-2.9.3.xsd=camel-osgi.xsd, http://camel.apache.org/schema/osgi/camel-osgi-2.1.0.xsd=camel-osgi.xsd, http://www.springframework.org/schema/task/spring-task.xsd=org/springframework/scheduling/config/spring-task-3.2.xsd, http://camel.apache.org/schema/osgi/camel-osgi-2.2.0.xsd=camel-osgi.xsd, http://www.springframework.org/schema/aop/spring-aop.xsd=org/springframework/aop/config/spring-aop-3.2.xsd, http://www.springframework.org/schema/jee/spring-jee-3.2.xsd=org/springframework/ejb/config/spring-jee-3.2.xsd, http://camel.apache.org/schema/spring/camel-spring-2.12.1.xsd=camel-spring.xsd, http://www.springframework.org/schema/util/spring-util-2.5.xsd=org/springframework/beans/factory/xml/spring-util-2.5.xsd, http://www.springframework.org/schema/tool/spring-tool-2.5.xsd=org/springframework/beans/factory/xml/spring-tool-2.5.xsd, http://camel.apache.org/schema/osgi/camel-osgi-2.0-M3.xsd=camel-osgi.xsd, http://camel.apache.org/schema/spring/camel-spring-2.13.1.xsd=camel-spring.xsd, http://camel.apache.org/schema/osgi/camel-osgi-2.12.0.xsd=camel-osgi.xsd}
328  [main] DEBUG org.springframework.beans.factory.xml.PluggableSchemaResolver  - Found XML schema [http://www.springframework.org/schema/beans/spring-beans.xsd] in classpath: org/springframework/beans/factory/xml/spring-beans-3.2.xsd
430  [main] DEBUG org.springframework.beans.factory.xml.DefaultBeanDefinitionDocumentReader  - Loading bean definitions
490  [main] DEBUG org.springframework.beans.factory.support.DefaultListableBeanFactory  - Creating shared instance of singleton bean 'processEngineConfiguration'
490  [main] DEBUG org.springframework.beans.factory.support.DefaultListableBeanFactory  - Creating instance of bean 'processEngineConfiguration'
569  [main] DEBUG org.springframework.beans.factory.support.DefaultListableBeanFactory  - Eagerly caching bean 'processEngineConfiguration' to allow for resolving potential circular references
700  [main] DEBUG org.springframework.beans.factory.support.DefaultListableBeanFactory  - Finished creating instance of bean 'processEngineConfiguration'
867  [main] DEBUG org.activiti.engine.impl.cfg.ProcessEngineConfigurationImpl  - initializing datasource to db: jdbc:h2:/tmp/activiti;AUTO_SERVER=TRUE
878  [main] DEBUG org.apache.ibatis.logging.LogFactory  - Logging initialized using 'class org.apache.ibatis.logging.slf4j.Slf4jImpl' adapter.
898  [main] DEBUG org.apache.ibatis.datasource.pooled.PooledDataSource  - PooledDataSource forcefully closed/removed all connections.
977  [main] ERROR org.activiti.engine.impl.cfg.ProcessEngineConfigurationImpl  - Exception while initializing Database connection
org.h2.jdbc.JdbcSQLException: Feature not supported: "autoServerMode && (readOnly || fileLockMethod == NO || fileLockMethod == SERIALIZED || fileLockMethod == FS || inMemory)" [50100-187]
	at org.h2.message.DbException.getJdbcSQLException(DbException.java:345)
	at org.h2.message.DbException.get(DbException.java:179)
	at org.h2.message.DbException.get(DbException.java:155)
	at org.h2.message.DbException.getUnsupportedException(DbException.java:216)
	at org.h2.engine.Database.open(Database.java:616)
	at org.h2.engine.Database.openDatabase(Database.java:266)
	at org.h2.engine.Database.<init>(Database.java:260)
	at org.h2.engine.Engine.openSession(Engine.java:60)
	at org.h2.engine.Engine.openSession(Engine.java:167)
	at org.h2.engine.Engine.createSessionAndValidate(Engine.java:145)
	at org.h2.engine.Engine.createSession(Engine.java:128)
	at org.h2.engine.Engine.createSession(Engine.java:26)
	at org.h2.engine.SessionRemote.connectEmbeddedOrServer(SessionRemote.java:347)
	at org.h2.jdbc.JdbcConnection.<init>(JdbcConnection.java:108)
	at org.h2.jdbc.JdbcConnection.<init>(JdbcConnection.java:92)
	at org.h2.Driver.connect(Driver.java:72)
	at java.sql.DriverManager.getConnection(DriverManager.java:571)
	at java.sql.DriverManager.getConnection(DriverManager.java:187)
	at org.apache.ibatis.datasource.unpooled.UnpooledDataSource.doGetConnection(UnpooledDataSource.java:191)
	at org.apache.ibatis.datasource.unpooled.UnpooledDataSource.doGetConnection(UnpooledDataSource.java:186)
	at org.apache.ibatis.datasource.unpooled.UnpooledDataSource.getConnection(UnpooledDataSource.java:88)
	at org.apache.ibatis.datasource.pooled.PooledDataSource.popConnection(PooledDataSource.java:373)
	at org.apache.ibatis.datasource.pooled.PooledDataSource.getConnection(PooledDataSource.java:82)
	at org.activiti.engine.impl.cfg.ProcessEngineConfigurationImpl.initDatabaseType(ProcessEngineConfigurationImpl.java:618)
	at org.activiti.engine.impl.cfg.ProcessEngineConfigurationImpl.initDataSource(ProcessEngineConfigurationImpl.java:580)
	at org.activiti.engine.impl.cfg.ProcessEngineConfigurationImpl.init(ProcessEngineConfigurationImpl.java:414)
	at org.activiti.engine.impl.cfg.ProcessEngineConfigurationImpl.buildProcessEngine(ProcessEngineConfigurationImpl.java:389)
	at org.activiti.engine.ProcessEngines.buildProcessEngine(ProcessEngines.java:194)
	at org.activiti.engine.ProcessEngines.initProcessEnginFromResource(ProcessEngines.java:167)
	at org.activiti.engine.ProcessEngines.init(ProcessEngines.java:98)
	at org.activiti.engine.ProcessEngines.getProcessEngine(ProcessEngines.java:224)
	at org.activiti.engine.ProcessEngines.getDefaultProcessEngine(ProcessEngines.java:217)
	at org.apache.servicemix.examples.test.ActivitiTest.deploy(ActivitiTest.java:26)
	at sun.reflect.NativeMethodAccessorImpl.invoke0(Native Method)
	at sun.reflect.NativeMethodAccessorImpl.invoke(NativeMethodAccessorImpl.java:57)
	at sun.reflect.DelegatingMethodAccessorImpl.invoke(DelegatingMethodAccessorImpl.java:43)
	at java.lang.reflect.Method.invoke(Method.java:606)
	at org.junit.runners.model.FrameworkMethod$1.runReflectiveCall(FrameworkMethod.java:45)
	at org.junit.internal.runners.model.ReflectiveCallable.run(ReflectiveCallable.java:15)
	at org.junit.runners.model.FrameworkMethod.invokeExplosively(FrameworkMethod.java:42)
	at org.junit.internal.runners.statements.InvokeMethod.evaluate(InvokeMethod.java:20)
	at org.junit.runners.ParentRunner.runLeaf(ParentRunner.java:263)
	at org.junit.runners.BlockJUnit4ClassRunner.runChild(BlockJUnit4ClassRunner.java:68)
	at org.junit.runners.BlockJUnit4ClassRunner.runChild(BlockJUnit4ClassRunner.java:47)
	at org.junit.runners.ParentRunner$3.run(ParentRunner.java:231)
	at org.junit.runners.ParentRunner$1.schedule(ParentRunner.java:60)
	at org.junit.runners.ParentRunner.runChildren(ParentRunner.java:229)
	at org.junit.runners.ParentRunner.access$000(ParentRunner.java:50)
	at org.junit.runners.ParentRunner$2.evaluate(ParentRunner.java:222)
	at org.junit.runners.ParentRunner.run(ParentRunner.java:300)
	at org.apache.maven.surefire.junit4.JUnit4Provider.execute(JUnit4Provider.java:283)
	at org.apache.maven.surefire.junit4.JUnit4Provider.executeWithRerun(JUnit4Provider.java:173)
	at org.apache.maven.surefire.junit4.JUnit4Provider.executeTestSet(JUnit4Provider.java:153)
	at org.apache.maven.surefire.junit4.JUnit4Provider.invoke(JUnit4Provider.java:128)
	at org.apache.maven.surefire.booter.ForkedBooter.invokeProviderInSameClassLoader(ForkedBooter.java:203)
	at org.apache.maven.surefire.booter.ForkedBooter.runSuitesInProcess(ForkedBooter.java:155)
	at org.apache.maven.surefire.booter.ForkedBooter.main(ForkedBooter.java:103)
2303 [main] DEBUG org.activiti.engine.impl.interceptor.LogInterceptor  -                                                                                                     
2303 [main] DEBUG org.activiti.engine.impl.interceptor.LogInterceptor  - --- starting SchemaOperationsProcessEngineBuild --------------------------------------------------------
2319 [main] DEBUG org.apache.ibatis.transaction.jdbc.JdbcTransaction  - Opening JDBC Connection
2321 [main] DEBUG org.activiti.engine.impl.interceptor.CommandContext  - Error while closing command context
org.activiti.engine.ActivitiException: couldn't check if tables are already present using metadata: 
### Error getting a new connection.  Cause: org.h2.jdbc.JdbcSQLException: Feature not supported: "autoServerMode && (readOnly || fileLockMethod == NO || fileLockMethod == SERIALIZED || fileLockMethod == FS || inMemory)" [50100-187]
### Cause: org.h2.jdbc.JdbcSQLException: Feature not supported: "autoServerMode && (readOnly || fileLockMethod == NO || fileLockMethod == SERIALIZED || fileLockMethod == FS || inMemory)" [50100-187]
	at org.activiti.engine.impl.db.DbSqlSession.isTablePresent(DbSqlSession.java:879)
	at org.activiti.engine.impl.db.DbSqlSession.isEngineTablePresent(DbSqlSession.java:834)
	at org.activiti.engine.impl.db.DbSqlSession.dbSchemaUpdate(DbSqlSession.java:767)
	at org.activiti.engine.impl.db.DbSqlSession.performSchemaOperationsProcessEngineBuild(DbSqlSession.java:1145)
	at org.activiti.engine.impl.SchemaOperationsProcessEngineBuild.execute(SchemaOperationsProcessEngineBuild.java:25)
	at org.activiti.engine.impl.interceptor.CommandInvoker.execute(CommandInvoker.java:24)
	at org.activiti.engine.impl.interceptor.CommandContextInterceptor.execute(CommandContextInterceptor.java:57)
	at org.activiti.engine.impl.interceptor.LogInterceptor.execute(LogInterceptor.java:37)
	at org.activiti.engine.impl.cfg.CommandExecutorImpl.execute(CommandExecutorImpl.java:40)
	at org.activiti.engine.impl.ProcessEngineImpl.<init>(ProcessEngineImpl.java:74)
	at org.activiti.engine.impl.cfg.ProcessEngineConfigurationImpl.buildProcessEngine(ProcessEngineConfigurationImpl.java:390)
	at org.activiti.engine.ProcessEngines.buildProcessEngine(ProcessEngines.java:194)
	at org.activiti.engine.ProcessEngines.initProcessEnginFromResource(ProcessEngines.java:167)
	at org.activiti.engine.ProcessEngines.init(ProcessEngines.java:98)
	at org.activiti.engine.ProcessEngines.getProcessEngine(ProcessEngines.java:224)
	at org.activiti.engine.ProcessEngines.getDefaultProcessEngine(ProcessEngines.java:217)
	at org.apache.servicemix.examples.test.ActivitiTest.deploy(ActivitiTest.java:26)
	at sun.reflect.NativeMethodAccessorImpl.invoke0(Native Method)
	at sun.reflect.NativeMethodAccessorImpl.invoke(NativeMethodAccessorImpl.java:57)
	at sun.reflect.DelegatingMethodAccessorImpl.invoke(DelegatingMethodAccessorImpl.java:43)
	at java.lang.reflect.Method.invoke(Method.java:606)
	at org.junit.runners.model.FrameworkMethod$1.runReflectiveCall(FrameworkMethod.java:45)
	at org.junit.internal.runners.model.ReflectiveCallable.run(ReflectiveCallable.java:15)
	at org.junit.runners.model.FrameworkMethod.invokeExplosively(FrameworkMethod.java:42)
	at org.junit.internal.runners.statements.InvokeMethod.evaluate(InvokeMethod.java:20)
	at org.junit.runners.ParentRunner.runLeaf(ParentRunner.java:263)
	at org.junit.runners.BlockJUnit4ClassRunner.runChild(BlockJUnit4ClassRunner.java:68)
	at org.junit.runners.BlockJUnit4ClassRunner.runChild(BlockJUnit4ClassRunner.java:47)
	at org.junit.runners.ParentRunner$3.run(ParentRunner.java:231)
	at org.junit.runners.ParentRunner$1.schedule(ParentRunner.java:60)
	at org.junit.runners.ParentRunner.runChildren(ParentRunner.java:229)
	at org.junit.runners.ParentRunner.access$000(ParentRunner.java:50)
	at org.junit.runners.ParentRunner$2.evaluate(ParentRunner.java:222)
	at org.junit.runners.ParentRunner.run(ParentRunner.java:300)
	at org.apache.maven.surefire.junit4.JUnit4Provider.execute(JUnit4Provider.java:283)
	at org.apache.maven.surefire.junit4.JUnit4Provider.executeWithRerun(JUnit4Provider.java:173)
	at org.apache.maven.surefire.junit4.JUnit4Provider.executeTestSet(JUnit4Provider.java:153)
	at org.apache.maven.surefire.junit4.JUnit4Provider.invoke(JUnit4Provider.java:128)
	at org.apache.maven.surefire.booter.ForkedBooter.invokeProviderInSameClassLoader(ForkedBooter.java:203)
	at org.apache.maven.surefire.booter.ForkedBooter.runSuitesInProcess(ForkedBooter.java:155)
	at org.apache.maven.surefire.booter.ForkedBooter.main(ForkedBooter.java:103)
Caused by: org.apache.ibatis.exceptions.PersistenceException: 
### Error getting a new connection.  Cause: org.h2.jdbc.JdbcSQLException: Feature not supported: "autoServerMode && (readOnly || fileLockMethod == NO || fileLockMethod == SERIALIZED || fileLockMethod == FS || inMemory)" [50100-187]
### Cause: org.h2.jdbc.JdbcSQLException: Feature not supported: "autoServerMode && (readOnly || fileLockMethod == NO || fileLockMethod == SERIALIZED || fileLockMethod == FS || inMemory)" [50100-187]
	at org.apache.ibatis.exceptions.ExceptionFactory.wrapException(ExceptionFactory.java:23)
	at org.apache.ibatis.session.defaults.DefaultSqlSession.getConnection(DefaultSqlSession.java:225)
	at org.activiti.engine.impl.db.DbSqlSession.isTablePresent(DbSqlSession.java:852)
	... 40 more
Caused by: org.h2.jdbc.JdbcSQLException: Feature not supported: "autoServerMode && (readOnly || fileLockMethod == NO || fileLockMethod == SERIALIZED || fileLockMethod == FS || inMemory)" [50100-187]
	at org.h2.message.DbException.getJdbcSQLException(DbException.java:345)
	at org.h2.message.DbException.get(DbException.java:179)
	at org.h2.message.DbException.get(DbException.java:155)
	at org.h2.message.DbException.getUnsupportedException(DbException.java:216)
	at org.h2.engine.Database.open(Database.java:616)
	at org.h2.engine.Database.openDatabase(Database.java:266)
	at org.h2.engine.Database.<init>(Database.java:260)
	at org.h2.engine.Engine.openSession(Engine.java:60)
	at org.h2.engine.Engine.openSession(Engine.java:167)
	at org.h2.engine.Engine.createSessionAndValidate(Engine.java:145)
	at org.h2.engine.Engine.createSession(Engine.java:128)
	at org.h2.engine.Engine.createSession(Engine.java:26)
	at org.h2.engine.SessionRemote.connectEmbeddedOrServer(SessionRemote.java:347)
	at org.h2.jdbc.JdbcConnection.<init>(JdbcConnection.java:108)
	at org.h2.jdbc.JdbcConnection.<init>(JdbcConnection.java:92)
	at org.h2.Driver.connect(Driver.java:72)
	at java.sql.DriverManager.getConnection(DriverManager.java:571)
	at java.sql.DriverManager.getConnection(DriverManager.java:187)
	at org.apache.ibatis.datasource.unpooled.UnpooledDataSource.doGetConnection(UnpooledDataSource.java:191)
	at org.apache.ibatis.datasource.unpooled.UnpooledDataSource.doGetConnection(UnpooledDataSource.java:186)
	at org.apache.ibatis.datasource.unpooled.UnpooledDataSource.getConnection(UnpooledDataSource.java:88)
	at org.apache.ibatis.datasource.pooled.PooledDataSource.popConnection(PooledDataSource.java:373)
	at org.apache.ibatis.datasource.pooled.PooledDataSource.getConnection(PooledDataSource.java:82)
	at org.apache.ibatis.transaction.jdbc.JdbcTransaction.openConnection(JdbcTransaction.java:131)
	at org.apache.ibatis.transaction.jdbc.JdbcTransaction.getConnection(JdbcTransaction.java:58)
	at org.apache.ibatis.session.defaults.DefaultSqlSession.getConnection(DefaultSqlSession.java:223)
	... 41 more
2323 [main] DEBUG org.activiti.engine.impl.cfg.standalone.StandaloneMybatisTransactionContext  - firing event rolling back...
2324 [main] DEBUG org.activiti.engine.impl.cfg.standalone.StandaloneMybatisTransactionContext  - rolling back ibatis sql session...
2324 [main] DEBUG org.activiti.engine.impl.cfg.standalone.StandaloneMybatisTransactionContext  - firing event rolled back...
2324 [main] DEBUG org.activiti.engine.impl.interceptor.LogInterceptor  - --- SchemaOperationsProcessEngineBuild finished --------------------------------------------------------
2324 [main] DEBUG org.activiti.engine.impl.interceptor.LogInterceptor  -                                                                                                     
2324 [main] ERROR org.activiti.engine.ProcessEngines  - Exception while initializing process engine: couldn't check if tables are already present using metadata: 
### Error getting a new connection.  Cause: org.h2.jdbc.JdbcSQLException: Feature not supported: "autoServerMode && (readOnly || fileLockMethod == NO || fileLockMethod == SERIALIZED || fileLockMethod == FS || inMemory)" [50100-187]
### Cause: org.h2.jdbc.JdbcSQLException: Feature not supported: "autoServerMode && (readOnly || fileLockMethod == NO || fileLockMethod == SERIALIZED || fileLockMethod == FS || inMemory)" [50100-187]
org.activiti.engine.ActivitiException: couldn't check if tables are already present using metadata: 
### Error getting a new connection.  Cause: org.h2.jdbc.JdbcSQLException: Feature not supported: "autoServerMode && (readOnly || fileLockMethod == NO || fileLockMethod == SERIALIZED || fileLockMethod == FS || inMemory)" [50100-187]
### Cause: org.h2.jdbc.JdbcSQLException: Feature not supported: "autoServerMode && (readOnly || fileLockMethod == NO || fileLockMethod == SERIALIZED || fileLockMethod == FS || inMemory)" [50100-187]
	at org.activiti.engine.impl.db.DbSqlSession.isTablePresent(DbSqlSession.java:879)
	at org.activiti.engine.impl.db.DbSqlSession.isEngineTablePresent(DbSqlSession.java:834)
	at org.activiti.engine.impl.db.DbSqlSession.dbSchemaUpdate(DbSqlSession.java:767)
	at org.activiti.engine.impl.db.DbSqlSession.performSchemaOperationsProcessEngineBuild(DbSqlSession.java:1145)
	at org.activiti.engine.impl.SchemaOperationsProcessEngineBuild.execute(SchemaOperationsProcessEngineBuild.java:25)
	at org.activiti.engine.impl.interceptor.CommandInvoker.execute(CommandInvoker.java:24)
	at org.activiti.engine.impl.interceptor.CommandContextInterceptor.execute(CommandContextInterceptor.java:57)
	at org.activiti.engine.impl.interceptor.LogInterceptor.execute(LogInterceptor.java:37)
	at org.activiti.engine.impl.cfg.CommandExecutorImpl.execute(CommandExecutorImpl.java:40)
	at org.activiti.engine.impl.ProcessEngineImpl.<init>(ProcessEngineImpl.java:74)
	at org.activiti.engine.impl.cfg.ProcessEngineConfigurationImpl.buildProcessEngine(ProcessEngineConfigurationImpl.java:390)
	at org.activiti.engine.ProcessEngines.buildProcessEngine(ProcessEngines.java:194)
	at org.activiti.engine.ProcessEngines.initProcessEnginFromResource(ProcessEngines.java:167)
	at org.activiti.engine.ProcessEngines.init(ProcessEngines.java:98)
	at org.activiti.engine.ProcessEngines.getProcessEngine(ProcessEngines.java:224)
	at org.activiti.engine.ProcessEngines.getDefaultProcessEngine(ProcessEngines.java:217)
	at org.apache.servicemix.examples.test.ActivitiTest.deploy(ActivitiTest.java:26)
	at sun.reflect.NativeMethodAccessorImpl.invoke0(Native Method)
	at sun.reflect.NativeMethodAccessorImpl.invoke(NativeMethodAccessorImpl.java:57)
	at sun.reflect.DelegatingMethodAccessorImpl.invoke(DelegatingMethodAccessorImpl.java:43)
	at java.lang.reflect.Method.invoke(Method.java:606)
	at org.junit.runners.model.FrameworkMethod$1.runReflectiveCall(FrameworkMethod.java:45)
	at org.junit.internal.runners.model.ReflectiveCallable.run(ReflectiveCallable.java:15)
	at org.junit.runners.model.FrameworkMethod.invokeExplosively(FrameworkMethod.java:42)
	at org.junit.internal.runners.statements.InvokeMethod.evaluate(InvokeMethod.java:20)
	at org.junit.runners.ParentRunner.runLeaf(ParentRunner.java:263)
	at org.junit.runners.BlockJUnit4ClassRunner.runChild(BlockJUnit4ClassRunner.java:68)
	at org.junit.runners.BlockJUnit4ClassRunner.runChild(BlockJUnit4ClassRunner.java:47)
	at org.junit.runners.ParentRunner$3.run(ParentRunner.java:231)
	at org.junit.runners.ParentRunner$1.schedule(ParentRunner.java:60)
	at org.junit.runners.ParentRunner.runChildren(ParentRunner.java:229)
	at org.junit.runners.ParentRunner.access$000(ParentRunner.java:50)
	at org.junit.runners.ParentRunner$2.evaluate(ParentRunner.java:222)
	at org.junit.runners.ParentRunner.run(ParentRunner.java:300)
	at org.apache.maven.surefire.junit4.JUnit4Provider.execute(JUnit4Provider.java:283)
	at org.apache.maven.surefire.junit4.JUnit4Provider.executeWithRerun(JUnit4Provider.java:173)
	at org.apache.maven.surefire.junit4.JUnit4Provider.executeTestSet(JUnit4Provider.java:153)
	at org.apache.maven.surefire.junit4.JUnit4Provider.invoke(JUnit4Provider.java:128)
	at org.apache.maven.surefire.booter.ForkedBooter.invokeProviderInSameClassLoader(ForkedBooter.java:203)
	at org.apache.maven.surefire.booter.ForkedBooter.runSuitesInProcess(ForkedBooter.java:155)
	at org.apache.maven.surefire.booter.ForkedBooter.main(ForkedBooter.java:103)
Caused by: org.apache.ibatis.exceptions.PersistenceException: 
### Error getting a new connection.  Cause: org.h2.jdbc.JdbcSQLException: Feature not supported: "autoServerMode && (readOnly || fileLockMethod == NO || fileLockMethod == SERIALIZED || fileLockMethod == FS || inMemory)" [50100-187]
### Cause: org.h2.jdbc.JdbcSQLException: Feature not supported: "autoServerMode && (readOnly || fileLockMethod == NO || fileLockMethod == SERIALIZED || fileLockMethod == FS || inMemory)" [50100-187]
	at org.apache.ibatis.exceptions.ExceptionFactory.wrapException(ExceptionFactory.java:23)
	at org.apache.ibatis.session.defaults.DefaultSqlSession.getConnection(DefaultSqlSession.java:225)
	at org.activiti.engine.impl.db.DbSqlSession.isTablePresent(DbSqlSession.java:852)
	... 40 more
Caused by: org.h2.jdbc.JdbcSQLException: Feature not supported: "autoServerMode && (readOnly || fileLockMethod == NO || fileLockMethod == SERIALIZED || fileLockMethod == FS || inMemory)" [50100-187]
	at org.h2.message.DbException.getJdbcSQLException(DbException.java:345)
	at org.h2.message.DbException.get(DbException.java:179)
	at org.h2.message.DbException.get(DbException.java:155)
	at org.h2.message.DbException.getUnsupportedException(DbException.java:216)
	at org.h2.engine.Database.open(Database.java:616)
	at org.h2.engine.Database.openDatabase(Database.java:266)
	at org.h2.engine.Database.<init>(Database.java:260)
	at org.h2.engine.Engine.openSession(Engine.java:60)
	at org.h2.engine.Engine.openSession(Engine.java:167)
	at org.h2.engine.Engine.createSessionAndValidate(Engine.java:145)
	at org.h2.engine.Engine.createSession(Engine.java:128)
	at org.h2.engine.Engine.createSession(Engine.java:26)
	at org.h2.engine.SessionRemote.connectEmbeddedOrServer(SessionRemote.java:347)
	at org.h2.jdbc.JdbcConnection.<init>(JdbcConnection.java:108)
	at org.h2.jdbc.JdbcConnection.<init>(JdbcConnection.java:92)
	at org.h2.Driver.connect(Driver.java:72)
	at java.sql.DriverManager.getConnection(DriverManager.java:571)
	at java.sql.DriverManager.getConnection(DriverManager.java:187)
	at org.apache.ibatis.datasource.unpooled.UnpooledDataSource.doGetConnection(UnpooledDataSource.java:191)
	at org.apache.ibatis.datasource.unpooled.UnpooledDataSource.doGetConnection(UnpooledDataSource.java:186)
	at org.apache.ibatis.datasource.unpooled.UnpooledDataSource.getConnection(UnpooledDataSource.java:88)
	at org.apache.ibatis.datasource.pooled.PooledDataSource.popConnection(PooledDataSource.java:373)
	at org.apache.ibatis.datasource.pooled.PooledDataSource.getConnection(PooledDataSource.java:82)
	at org.apache.ibatis.transaction.jdbc.JdbcTransaction.openConnection(JdbcTransaction.java:131)
	at org.apache.ibatis.transaction.jdbc.JdbcTransaction.getConnection(JdbcTransaction.java:58)
	at org.apache.ibatis.session.defaults.DefaultSqlSession.getConnection(DefaultSqlSession.java:223)
	... 41 more
]]></system-out>
  </testcase>
</testsuite>